2025-06-23 23:14:10 INFO  com.stepcampus.automation.utils.Log - Browser launched
2025-06-23 23:14:12 INFO  com.stepcampus.automation.utils.Log - Login attempted with: student
2025-06-23 23:14:13 INFO  com.stepcampus.automation.utils.Log - Browser closed
2025-06-23 23:14:16 INFO  com.stepcampus.automation.utils.Log - Browser launched
2025-06-23 23:14:17 INFO  com.stepcampus.automation.utils.Log - Login attempted with: incorrectUser
2025-06-23 23:14:17 INFO  com.stepcampus.automation.utils.Log - Browser closed
2025-06-23 23:14:21 INFO  com.stepcampus.automation.utils.Log - Browser launched
2025-06-23 23:14:21 INFO  com.stepcampus.automation.utils.Log - Login attempted with: student
2025-06-23 23:14:21 INFO  com.stepcampus.automation.utils.Log - Browser closed
2025-06-23 23:15:27 INFO  com.stepcampus.automation.utils.Log - Browser launched
2025-06-23 23:15:29 INFO  com.stepcampus.automation.utils.Log - Login attempted with: student
2025-06-23 23:15:29 INFO  com.stepcampus.automation.utils.Log - Browser closed
2025-06-23 23:15:32 INFO  com.stepcampus.automation.utils.Log - Browser launched
2025-06-23 23:15:33 INFO  com.stepcampus.automation.utils.Log - Login attempted with: incorrectUser
2025-06-23 23:15:33 INFO  com.stepcampus.automation.utils.Log - Landed on Dashboard page
2025-06-23 23:15:33 INFO  com.stepcampus.automation.utils.Log - Browser closed
2025-06-23 23:15:36 INFO  com.stepcampus.automation.utils.Log - Browser launched
2025-06-23 23:15:36 INFO  com.stepcampus.automation.utils.Log - Login attempted with: student
2025-06-23 23:15:36 INFO  com.stepcampus.automation.utils.Log - Landed on Dashboard page
2025-06-23 23:15:37 INFO  com.stepcampus.automation.utils.Log - Browser closed
2025-06-23 23:19:12 INFO  com.stepcampus.automation.utils.Log - Browser launched
2025-06-23 23:19:14 INFO  com.stepcampus.automation.utils.Log - Login attempted with: student
2025-06-23 23:19:14 INFO  com.stepcampus.automation.utils.Log - Landed on Dashboard page
2025-06-23 23:19:15 INFO  com.stepcampus.automation.utils.Log - Browser closed
2025-06-23 23:19:19 INFO  com.stepcampus.automation.utils.Log - Browser launched
2025-06-23 23:19:19 INFO  com.stepcampus.automation.utils.Log - Login attempted with: incorrectUser
2025-06-23 23:19:19 INFO  com.stepcampus.automation.utils.Log - Landed on Dashboard page
2025-06-23 23:19:20 INFO  com.stepcampus.automation.utils.Log - Browser closed
2025-06-23 23:19:23 INFO  com.stepcampus.automation.utils.Log - Browser launched
2025-06-23 23:19:24 INFO  com.stepcampus.automation.utils.Log - Login attempted with: student
2025-06-23 23:19:24 INFO  com.stepcampus.automation.utils.Log - Landed on Dashboard page
2025-06-23 23:19:24 INFO  com.stepcampus.automation.utils.Log - Browser closed
2025-06-23 23:26:44 INFO  com.stepcampus.automation.utils.Log - Browser launched
2025-06-23 23:26:47 INFO  com.stepcampus.automation.utils.Log - Login attempted with: student
2025-06-23 23:26:47 INFO  com.stepcampus.automation.utils.Log - Landed on Dashboard page
2025-06-23 23:26:47 INFO  com.stepcampus.automation.utils.Log - Browser closed
2025-06-23 23:26:53 INFO  com.stepcampus.automation.utils.Log - Browser launched
2025-06-23 23:26:53 INFO  com.stepcampus.automation.utils.Log - Login attempted with: incorrectUser
2025-06-23 23:26:53 INFO  com.stepcampus.automation.utils.Log - Landed on Dashboard page
2025-06-23 23:26:54 INFO  com.stepcampus.automation.utils.Log - Browser closed
2025-06-23 23:26:58 INFO  com.stepcampus.automation.utils.Log - Browser launched
2025-06-23 23:26:58 INFO  com.stepcampus.automation.utils.Log - Login attempted with: student
2025-06-23 23:26:58 INFO  com.stepcampus.automation.utils.Log - Landed on Dashboard page
2025-06-23 23:26:58 INFO  com.stepcampus.automation.utils.Log - Browser closed
2025-06-23 23:33:39 INFO  com.stepcampus.automation.utils.Log - Browser launched
2025-06-23 23:33:41 INFO  com.stepcampus.automation.utils.Log - Login attempted with: student
2025-06-23 23:33:41 INFO  com.stepcampus.automation.utils.Log - Landed on Dashboard page
2025-06-23 23:33:41 INFO  com.stepcampus.automation.utils.Log - Browser closed
2025-06-23 23:33:45 INFO  com.stepcampus.automation.utils.Log - Browser launched
2025-06-23 23:33:45 INFO  com.stepcampus.automation.utils.Log - Login attempted with: incorrectUser
2025-06-23 23:33:45 INFO  com.stepcampus.automation.utils.Log - Landed on Dashboard page
2025-06-23 23:33:46 INFO  com.stepcampus.automation.utils.Log - Browser closed
2025-06-23 23:33:49 INFO  com.stepcampus.automation.utils.Log - Browser launched
2025-06-23 23:33:49 INFO  com.stepcampus.automation.utils.Log - Login attempted with: student
2025-06-23 23:33:49 INFO  com.stepcampus.automation.utils.Log - Landed on Dashboard page
2025-06-23 23:33:50 INFO  com.stepcampus.automation.utils.Log - Browser closed
2025-06-23 23:38:09 INFO  com.stepcampus.automation.utils.Log - Browser launched
2025-06-23 23:38:11 INFO  com.stepcampus.automation.utils.Log - Login attempted with: student
2025-06-23 23:38:11 INFO  com.stepcampus.automation.utils.Log - Landed on Dashboard page
2025-06-23 23:38:12 INFO  com.stepcampus.automation.utils.Log - Browser closed
2025-06-23 23:38:17 INFO  com.stepcampus.automation.utils.Log - Browser launched
2025-06-23 23:38:17 INFO  com.stepcampus.automation.utils.Log - Login attempted with: incorrectUser
2025-06-23 23:38:17 INFO  com.stepcampus.automation.utils.Log - Browser closed
2025-06-23 23:38:22 INFO  com.stepcampus.automation.utils.Log - Browser launched
2025-06-23 23:38:22 INFO  com.stepcampus.automation.utils.Log - Login attempted with: student
2025-06-23 23:38:22 INFO  com.stepcampus.automation.utils.Log - Browser closed
2025-06-23 23:49:03 INFO  com.stepcampus.automation.utils.Log - Browser launched
2025-06-23 23:49:06 INFO  com.stepcampus.automation.utils.Log - Login attempted with: student
2025-06-23 23:49:06 INFO  com.stepcampus.automation.utils.Log - Landed on Dashboard page
2025-06-23 23:49:06 INFO  com.stepcampus.automation.utils.Log - Browser closed
2025-06-23 23:49:10 INFO  com.stepcampus.automation.utils.Log - Browser launched
2025-06-23 23:49:11 INFO  com.stepcampus.automation.utils.Log - Login attempted with: incorrectUser
2025-06-23 23:49:11 INFO  com.stepcampus.automation.utils.Log - Browser closed
2025-06-23 23:49:15 INFO  com.stepcampus.automation.utils.Log - Browser launched
2025-06-23 23:49:15 INFO  com.stepcampus.automation.utils.Log - Login attempted with: student
2025-06-23 23:49:15 INFO  com.stepcampus.automation.utils.Log - Browser closed
2025-06-24 00:06:47 INFO  com.stepcampus.automation.utils.Log - Browser launched
2025-06-24 00:06:49 INFO  com.stepcampus.automation.utils.Log - Login attempted with: student
2025-06-24 00:06:49 INFO  com.stepcampus.automation.utils.Log - Landed on Dashboard page
2025-06-24 00:06:50 INFO  com.stepcampus.automation.utils.Log - Browser closed
2025-06-24 00:06:53 INFO  com.stepcampus.automation.utils.Log - Browser launched
2025-06-24 00:06:54 INFO  com.stepcampus.automation.utils.Log - Login attempted with: incorrectUser
2025-06-24 00:06:54 INFO  com.stepcampus.automation.utils.Log - Browser closed
2025-06-24 00:06:58 INFO  com.stepcampus.automation.utils.Log - Browser launched
2025-06-24 00:06:59 INFO  com.stepcampus.automation.utils.Log - Login attempted with: student
2025-06-24 00:06:59 INFO  com.stepcampus.automation.utils.Log - Browser closed
2025-06-24 00:07:27 INFO  com.stepcampus.automation.utils.Log - Browser launched
2025-06-24 00:07:29 INFO  com.stepcampus.automation.utils.Log - Login attempted with: student
2025-06-24 00:07:29 INFO  com.stepcampus.automation.utils.Log - Landed on Dashboard page
2025-06-24 00:07:29 INFO  com.stepcampus.automation.utils.Log - Browser closed
2025-06-24 00:07:35 INFO  com.stepcampus.automation.utils.Log - Browser launched
2025-06-24 00:07:36 INFO  com.stepcampus.automation.utils.Log - Login attempted with: incorrectUser
2025-06-24 00:07:36 INFO  com.stepcampus.automation.utils.Log - Browser closed
2025-06-24 00:07:40 INFO  com.stepcampus.automation.utils.Log - Browser launched
2025-06-24 00:07:40 INFO  com.stepcampus.automation.utils.Log - Login attempted with: student
2025-06-24 00:07:40 INFO  com.stepcampus.automation.utils.Log - Browser closed
2025-06-24 00:09:23 INFO  com.stepcampus.automation.utils.Log - Browser launched
2025-06-24 00:09:24 INFO  com.stepcampus.automation.utils.Log - Login attempted with: student
2025-06-24 00:09:24 INFO  com.stepcampus.automation.utils.Log - Landed on Dashboard page
2025-06-24 00:09:24 INFO  com.stepcampus.automation.utils.Log - Browser closed
2025-06-24 00:09:28 INFO  com.stepcampus.automation.utils.Log - Browser launched
2025-06-24 00:09:28 INFO  com.stepcampus.automation.utils.Log - Login attempted with: incorrectUser
2025-06-24 00:09:28 INFO  com.stepcampus.automation.utils.Log - Browser closed
2025-06-24 00:09:32 INFO  com.stepcampus.automation.utils.Log - Browser launched
2025-06-24 00:09:32 INFO  com.stepcampus.automation.utils.Log - Login attempted with: student
2025-06-24 00:09:33 INFO  com.stepcampus.automation.utils.Log - Browser closed
2025-06-24 00:10:53 INFO  com.stepcampus.automation.utils.Log - Browser launched
2025-06-24 00:10:54 INFO  com.stepcampus.automation.utils.Log - Login attempted with: student
2025-06-24 00:10:54 INFO  com.stepcampus.automation.utils.Log - Landed on Dashboard page
2025-06-24 00:10:55 INFO  com.stepcampus.automation.utils.Log - Browser closed
2025-06-24 00:10:58 INFO  com.stepcampus.automation.utils.Log - Browser launched
2025-06-24 00:10:59 INFO  com.stepcampus.automation.utils.Log - Login attempted with: incorrectUser
2025-06-24 00:10:59 INFO  com.stepcampus.automation.utils.Log - Browser closed
2025-06-24 00:11:03 INFO  com.stepcampus.automation.utils.Log - Browser launched
2025-06-24 00:11:03 INFO  com.stepcampus.automation.utils.Log - Login attempted with: student
2025-06-24 00:11:03 INFO  com.stepcampus.automation.utils.Log - Browser closed
2025-06-24 00:14:00 INFO  com.stepcampus.automation.utils.Log - Browser launched
2025-06-24 00:14:00 INFO  com.stepcampus.automation.utils.Log - Browser launched
2025-06-24 00:14:00 INFO  com.stepcampus.automation.utils.Log - Browser launched
2025-06-24 00:14:01 INFO  com.stepcampus.automation.utils.Log - Login attempted with: incorrectUser
2025-06-24 00:14:02 INFO  com.stepcampus.automation.utils.Log - Login attempted with: student
2025-06-24 00:14:02 INFO  com.stepcampus.automation.utils.Log - Browser closed
2025-06-24 00:14:02 INFO  com.stepcampus.automation.utils.Log - Browser closed
2025-06-24 00:14:03 INFO  com.stepcampus.automation.utils.Log - Login attempted with: student
2025-06-24 00:14:03 INFO  com.stepcampus.automation.utils.Log - Landed on Dashboard page
2025-06-24 00:14:04 INFO  com.stepcampus.automation.utils.Log - Browser closed
2025-06-25 23:42:49 INFO  com.stepcampus.automation.utils.Log - Browser launched
2025-06-25 23:42:49 INFO  com.stepcampus.automation.utils.Log - Browser launched
2025-06-25 23:42:49 INFO  com.stepcampus.automation.utils.Log - Browser launched
2025-06-25 23:42:49 INFO  com.stepcampus.automation.utils.Log - Login attempted with: student
2025-06-25 23:42:49 INFO  com.stepcampus.automation.utils.Log - Login attempted with: incorrectUser
2025-06-25 23:42:50 INFO  com.stepcampus.automation.utils.Log - Browser closed
2025-06-25 23:42:50 INFO  com.stepcampus.automation.utils.Log - Browser closed
2025-06-25 23:42:51 INFO  com.stepcampus.automation.utils.Log - Login attempted with: student
2025-06-25 23:42:51 INFO  com.stepcampus.automation.utils.Log - Landed on Dashboard page
2025-06-25 23:42:51 INFO  com.stepcampus.automation.utils.Log - Browser closed
2025-06-26 01:06:25 INFO  com.stepcampus.automation.utils.Log - Browser launched
2025-06-26 01:06:25 INFO  com.stepcampus.automation.utils.Log - Browser launched
2025-06-26 01:06:25 INFO  com.stepcampus.automation.utils.Log - Browser launched
2025-06-26 01:06:25 INFO  com.stepcampus.automation.utils.Log - Login attempted with: incorrectUser
2025-06-26 01:06:25 INFO  com.stepcampus.automation.utils.Log - Login attempted with: student
2025-06-26 01:06:26 INFO  com.stepcampus.automation.utils.Log - Browser closed
2025-06-26 01:06:26 INFO  com.stepcampus.automation.utils.Log - Browser closed
2025-06-26 01:06:27 INFO  com.stepcampus.automation.utils.Log - Login attempted with: student
2025-06-26 01:06:27 INFO  com.stepcampus.automation.utils.Log - Landed on Dashboard page
2025-06-26 01:06:27 INFO  com.stepcampus.automation.utils.Log - Browser closed
2025-06-28 11:26:43 INFO  com.stepcampus.automation.utils.Log - Browser launched
2025-06-28 11:26:43 INFO  com.stepcampus.automation.utils.Log - Browser launched
2025-06-28 11:26:43 INFO  com.stepcampus.automation.utils.Log - Browser launched
2025-06-28 11:26:44 INFO  com.stepcampus.automation.utils.Log - Login attempted with: incorrectUser
2025-06-28 11:26:44 INFO  com.stepcampus.automation.utils.Log - Login attempted with: student
2025-06-28 11:26:45 INFO  com.stepcampus.automation.utils.Log - Browser closed
2025-06-28 11:26:45 INFO  com.stepcampus.automation.utils.Log - Browser closed
2025-06-28 11:26:46 INFO  com.stepcampus.automation.utils.Log - Login attempted with: student
2025-06-28 11:26:46 INFO  com.stepcampus.automation.utils.Log - Browser closed
2025-06-28 11:28:06 INFO  com.stepcampus.automation.utils.Log - Browser launched
2025-06-28 11:28:06 INFO  com.stepcampus.automation.utils.Log - Browser launched
2025-06-28 11:28:06 INFO  com.stepcampus.automation.utils.Log - Browser launched
2025-06-28 11:28:07 INFO  com.stepcampus.automation.utils.Log - Login attempted with: incorrectUser
2025-06-28 11:28:08 INFO  com.stepcampus.automation.utils.Log - Login attempted with: student
2025-06-28 11:28:08 INFO  com.stepcampus.automation.utils.Log - Browser closed
2025-06-28 11:28:08 INFO  com.stepcampus.automation.utils.Log - Browser closed
2025-06-28 11:28:09 INFO  com.stepcampus.automation.utils.Log - Login attempted with: student
2025-06-28 11:28:10 INFO  com.stepcampus.automation.utils.Log - Browser closed
2025-06-28 11:29:50 INFO  com.stepcampus.automation.utils.Log - Browser launched
2025-06-28 11:29:50 INFO  com.stepcampus.automation.utils.Log - Browser launched
2025-06-28 11:29:50 INFO  com.stepcampus.automation.utils.Log - Browser launched
2025-06-28 11:29:51 INFO  com.stepcampus.automation.utils.Log - Login attempted with: incorrectUser
2025-06-28 11:29:51 INFO  com.stepcampus.automation.utils.Log - Login attempted with: student
2025-06-28 11:29:51 INFO  com.stepcampus.automation.utils.Log - Browser closed
2025-06-28 11:29:51 INFO  com.stepcampus.automation.utils.Log - Browser closed
2025-06-28 11:29:53 INFO  com.stepcampus.automation.utils.Log - Login attempted with: student
2025-06-28 11:29:53 INFO  com.stepcampus.automation.utils.Log - Browser closed
2025-06-28 11:31:45 INFO  com.stepcampus.automation.utils.Log - Browser launched
2025-06-28 11:31:45 INFO  com.stepcampus.automation.utils.Log - Browser launched
2025-06-28 11:31:45 INFO  com.stepcampus.automation.utils.Log - Browser launched
2025-06-28 11:31:46 INFO  com.stepcampus.automation.utils.Log - Login attempted with: incorrectUser
2025-06-28 11:31:46 INFO  com.stepcampus.automation.utils.Log - Login attempted with: student
2025-06-28 11:31:46 INFO  com.stepcampus.automation.utils.Log - Browser closed
2025-06-28 11:31:46 INFO  com.stepcampus.automation.utils.Log - Browser closed
2025-06-28 11:31:47 INFO  com.stepcampus.automation.utils.Log - Login attempted with: student
2025-06-28 11:31:47 INFO  com.stepcampus.automation.utils.Log - Landed on Dashboard page
2025-06-28 11:31:48 INFO  com.stepcampus.automation.utils.Log - Browser closed
2025-06-28 11:36:47 INFO  com.stepcampus.automation.utils.Log - Browser launched
2025-06-28 11:36:48 INFO  com.stepcampus.automation.utils.Log - Login attempted with: incorrectUser
2025-06-28 11:36:49 INFO  com.stepcampus.automation.utils.Log - Browser launched
2025-06-28 11:36:50 INFO  com.stepcampus.automation.utils.Log - Login attempted with: student
2025-06-28 11:36:51 INFO  com.stepcampus.automation.utils.Log - Browser closed
2025-06-28 11:36:51 INFO  com.stepcampus.automation.utils.Log - Browser closed
2025-06-28 11:36:51 INFO  com.stepcampus.automation.utils.Log - Browser launched
2025-06-28 11:36:52 INFO  com.stepcampus.automation.utils.Log - Login attempted with: student
2025-06-28 11:36:52 INFO  com.stepcampus.automation.utils.Log - Landed on Dashboard page
2025-06-28 11:36:54 INFO  com.stepcampus.automation.utils.Log - Browser closed
2025-06-28 12:06:36 INFO  com.stepcampus.automation.utils.Log - Browser launched
2025-06-28 12:06:36 INFO  com.stepcampus.automation.utils.Log - Browser launched
2025-06-28 12:06:36 INFO  com.stepcampus.automation.utils.Log - Browser launched
2025-06-28 12:06:37 INFO  com.stepcampus.automation.utils.Log - Browser launched
2025-06-28 12:06:37 INFO  com.stepcampus.automation.utils.Log - Login attempted with: incorrectUser
2025-06-28 12:06:38 INFO  com.stepcampus.automation.utils.Log - Login attempted with: student
2025-06-28 12:06:39 INFO  com.stepcampus.automation.utils.Log - Login attempted with: student
2025-06-28 12:06:39 INFO  com.stepcampus.automation.utils.Log - Landed on Dashboard page
2025-06-28 12:06:39 INFO  com.stepcampus.automation.utils.Log - Login attempted with: student
2025-06-28 12:06:40 INFO  com.stepcampus.automation.utils.Log - Browser closed
2025-06-28 12:06:40 INFO  com.stepcampus.automation.utils.Log - Browser closed
2025-06-28 12:06:40 INFO  com.stepcampus.automation.utils.Log - Browser closed
2025-06-28 12:06:41 INFO  com.stepcampus.automation.utils.Log - Browser closed
2025-06-28 12:09:02 INFO  com.stepcampus.automation.utils.Log - Browser launched
2025-06-28 12:09:03 INFO  com.stepcampus.automation.utils.Log - Login attempted with: student
2025-06-28 12:09:04 INFO  com.stepcampus.automation.utils.Log - Browser closed
2025-06-28 12:09:51 INFO  com.stepcampus.automation.utils.Log - Browser launched
2025-06-28 12:09:52 INFO  com.stepcampus.automation.utils.Log - Login attempted with: student
2025-06-28 12:09:53 INFO  com.stepcampus.automation.utils.Log - Browser closed
2025-06-28 12:12:23 INFO  com.stepcampus.automation.utils.Log - Browser launched
2025-06-28 12:12:25 INFO  com.stepcampus.automation.utils.Log - Login attempted with: student
2025-06-28 12:12:26 INFO  com.stepcampus.automation.utils.Log - Browser closed
2025-06-28 12:17:27 INFO  com.stepcampus.automation.utils.Log - Browser launched
2025-06-28 12:17:28 INFO  com.stepcampus.automation.utils.Log - Login attempted with: student
2025-06-28 12:17:29 INFO  com.stepcampus.automation.utils.Log - Browser closed
2025-06-28 12:19:22 INFO  com.stepcampus.automation.utils.Log - Browser launched
2025-06-28 12:19:24 INFO  com.stepcampus.automation.utils.Log - Login attempted with: student
2025-06-28 12:19:26 INFO  com.stepcampus.automation.utils.Log - Browser closed
2025-06-28 13:40:26 INFO  com.stepcampus.automation.utils.Log - Browser launched
2025-06-28 13:40:29 INFO  com.stepcampus.automation.utils.Log - Browser closed
2025-06-28 13:43:04 INFO  com.stepcampus.automation.utils.Log - Browser launched
2025-06-28 13:43:09 INFO  com.stepcampus.automation.utils.Log - Browser closed
2025-06-28 13:50:31 INFO  com.stepcampus.automation.utils.Log - Browser launched
2025-06-28 13:50:31 INFO  com.stepcampus.automation.utils.Log - Browser launched
2025-06-28 13:50:31 INFO  com.stepcampus.automation.utils.Log - Browser launched
2025-06-28 13:50:31 INFO  com.stepcampus.automation.utils.Log - Browser launched
2025-06-28 13:50:32 INFO  com.stepcampus.automation.utils.Log - Login attempted with: incorrectUser
2025-06-28 13:50:32 INFO  com.stepcampus.automation.utils.Log - Login attempted with: student
2025-06-28 13:50:34 INFO  com.stepcampus.automation.utils.Log - Login attempted with: student
2025-06-28 13:50:34 INFO  com.stepcampus.automation.utils.Log - Landed on Dashboard page
2025-06-28 13:50:35 INFO  com.stepcampus.automation.utils.Log - Browser closed
2025-06-28 13:50:35 INFO  com.stepcampus.automation.utils.Log - Browser closed
2025-06-28 13:50:35 INFO  com.stepcampus.automation.utils.Log - Browser closed
2025-06-28 13:50:38 INFO  com.stepcampus.automation.utils.Log - Browser closed
2025-06-28 13:54:46 INFO  com.stepcampus.automation.utils.Log - Browser launched
2025-06-28 13:54:47 INFO  com.stepcampus.automation.utils.Log - Login attempted with: incorrectUser
2025-06-28 13:54:47 INFO  com.stepcampus.automation.utils.Log - Browser launched
2025-06-28 13:54:47 INFO  com.stepcampus.automation.utils.Log - Browser launched
2025-06-28 13:54:48 INFO  com.stepcampus.automation.utils.Log - Browser launched
2025-06-28 13:54:48 INFO  com.stepcampus.automation.utils.Log - Login attempted with: student
2025-06-28 13:54:49 INFO  com.stepcampus.automation.utils.Log - Login attempted with: student
2025-06-28 13:54:49 INFO  com.stepcampus.automation.utils.Log - Landed on Dashboard page
2025-06-28 13:54:49 INFO  com.stepcampus.automation.utils.Log - Browser closed
2025-06-28 13:54:49 INFO  com.stepcampus.automation.utils.Log - Browser closed
2025-06-28 13:54:50 INFO  com.stepcampus.automation.utils.Log - Browser closed
2025-06-28 13:54:53 INFO  com.stepcampus.automation.utils.Log - Browser closed
2025-06-28 13:57:32 INFO  com.stepcampus.automation.utils.Log - Browser launched
2025-06-28 13:57:32 INFO  com.stepcampus.automation.utils.Log - Login attempted with: student
2025-06-28 13:57:33 INFO  com.stepcampus.automation.utils.Log - Browser launched
2025-06-28 13:57:33 INFO  com.stepcampus.automation.utils.Log - Browser launched
2025-06-28 13:57:33 INFO  com.stepcampus.automation.utils.Log - Browser closed
2025-06-28 13:57:33 INFO  com.stepcampus.automation.utils.Log - Login attempted with: incorrectUser
2025-06-28 13:57:34 INFO  com.stepcampus.automation.utils.Log - Browser launched
2025-06-28 13:57:34 INFO  com.stepcampus.automation.utils.Log - Login attempted with: student
2025-06-28 13:57:34 INFO  com.stepcampus.automation.utils.Log - Landed on Dashboard page
2025-06-28 13:57:35 INFO  com.stepcampus.automation.utils.Log - Browser closed
2025-06-28 13:57:35 INFO  com.stepcampus.automation.utils.Log - Browser closed
2025-06-28 13:57:38 INFO  com.stepcampus.automation.utils.Log - Browser closed
2025-06-28 13:59:59 INFO  com.stepcampus.automation.utils.Log - Browser launched
2025-06-28 13:59:59 INFO  com.stepcampus.automation.utils.Log - Login attempted with: incorrectUser
2025-06-28 13:59:59 INFO  com.stepcampus.automation.utils.Log - Browser launched
2025-06-28 14:00:00 INFO  com.stepcampus.automation.utils.Log - Browser launched
2025-06-28 14:00:00 INFO  com.stepcampus.automation.utils.Log - Browser launched
2025-06-28 14:00:00 INFO  com.stepcampus.automation.utils.Log - Browser closed
2025-06-28 14:00:01 INFO  com.stepcampus.automation.utils.Log - Login attempted with: student
2025-06-28 14:00:02 INFO  com.stepcampus.automation.utils.Log - Login attempted with: student
2025-06-28 14:00:02 INFO  com.stepcampus.automation.utils.Log - Landed on Dashboard page
2025-06-28 14:00:02 INFO  com.stepcampus.automation.utils.Log - Browser closed
2025-06-28 14:00:03 INFO  com.stepcampus.automation.utils.Log - Browser closed
2025-06-28 14:00:05 INFO  com.stepcampus.automation.utils.Log - Browser closed
2025-06-28 14:01:22 INFO  com.stepcampus.automation.utils.Log - Browser launched
2025-06-28 14:01:23 INFO  com.stepcampus.automation.utils.Log - Browser launched
2025-06-28 14:01:23 INFO  com.stepcampus.automation.utils.Log - Browser launched
2025-06-28 14:01:23 INFO  com.stepcampus.automation.utils.Log - Browser launched
2025-06-28 14:01:23 INFO  com.stepcampus.automation.utils.Log - Login attempted with: student
2025-06-28 14:01:24 INFO  com.stepcampus.automation.utils.Log - Login attempted with: incorrectUser
2025-06-28 14:01:25 INFO  com.stepcampus.automation.utils.Log - Browser closed
2025-06-28 14:01:25 INFO  com.stepcampus.automation.utils.Log - Login attempted with: student
2025-06-28 14:01:25 INFO  com.stepcampus.automation.utils.Log - Landed on Dashboard page
2025-06-28 14:01:25 INFO  com.stepcampus.automation.utils.Log - Browser closed
2025-06-28 14:01:27 INFO  com.stepcampus.automation.utils.Log - Browser closed
2025-06-28 14:01:29 INFO  com.stepcampus.automation.utils.Log - Browser closed
2025-06-28 14:03:29 INFO  com.stepcampus.automation.utils.Log - Browser launched
2025-06-28 14:03:29 INFO  com.stepcampus.automation.utils.Log - Login attempted with: student
2025-06-28 14:03:29 INFO  com.stepcampus.automation.utils.Log - Browser launched
2025-06-28 14:03:29 INFO  com.stepcampus.automation.utils.Log - Browser launched
2025-06-28 14:03:31 INFO  com.stepcampus.automation.utils.Log - Browser closed
2025-06-28 14:03:31 INFO  com.stepcampus.automation.utils.Log - Browser launched
2025-06-28 14:03:31 INFO  com.stepcampus.automation.utils.Log - Login attempted with: incorrectUser
2025-06-28 14:03:32 INFO  com.stepcampus.automation.utils.Log - Login attempted with: student
2025-06-28 14:03:32 INFO  com.stepcampus.automation.utils.Log - Landed on Dashboard page
2025-06-28 14:03:32 INFO  com.stepcampus.automation.utils.Log - Browser closed
2025-06-28 14:03:33 INFO  com.stepcampus.automation.utils.Log - Browser closed
2025-06-28 14:03:35 INFO  com.stepcampus.automation.utils.Log - Browser closed
2025-06-28 14:08:24 INFO  com.stepcampus.automation.utils.Log - Browser launched
2025-06-28 14:08:25 INFO  com.stepcampus.automation.utils.Log - Login attempted with: student
2025-06-28 14:08:27 INFO  com.stepcampus.automation.utils.Log - Browser closed
2025-06-28 14:08:27 INFO  com.stepcampus.automation.utils.Log - Browser launched
2025-06-28 14:08:27 INFO  com.stepcampus.automation.utils.Log - Browser launched
2025-06-28 14:08:27 INFO  com.stepcampus.automation.utils.Log - Browser launched
2025-06-28 14:08:28 INFO  com.stepcampus.automation.utils.Log - Login attempted with: incorrectUser
2025-06-28 14:08:28 INFO  com.stepcampus.automation.utils.Log - Login attempted with: student
2025-06-28 14:08:28 INFO  com.stepcampus.automation.utils.Log - Landed on Dashboard page
2025-06-28 14:08:29 INFO  com.stepcampus.automation.utils.Log - Browser closed
2025-06-28 14:08:30 INFO  com.stepcampus.automation.utils.Log - Browser closed
2025-06-28 14:08:32 INFO  com.stepcampus.automation.utils.Log - Browser closed
